<?xml version="1.0" encoding="UTF-8"?>
<!-- Generated by org.testng.reporters.JUnitXMLReporter -->
<testsuite ignored="0" hostname="DESKTOP-EPI9SM6" failures="0" tests="3" name="Default test" time="7.967" errors="0" timestamp="2023-07-21T20:22:46 IST">
  <testcase classname="api.testcases.storeTest" name="post_Str" time="5.311"/>
  <testcase classname="api.testcases.storeTest" name="get_Str" time="1.229"/>
  <testcase classname="api.testcases.storeTest" name="delete_Str" time="1.168"/>
</testsuite> <!-- Default test -->
