<?xml version="1.0" encoding="UTF-8"?>
<testng-results ignored="0" total="3" passed="3" failed="0" skipped="0">
  <reporter-output>
  </reporter-output>
  <suite started-at="2023-07-21T20:24:35 IST" name="PetSuite" finished-at="2023-07-21T20:24:44 IST" duration-ms="8490">
    <groups>
    </groups>
    <test started-at="2023-07-21T20:24:35 IST" name="PetTest" finished-at="2023-07-21T20:24:44 IST" duration-ms="8490">
      <class name="api.testcases.storeTest">
        <test-method is-config="true" signature="preSetup()[pri:0, instance:api.testcases.storeTest@2ab4bc72]" started-at="2023-07-21T20:24:36 IST" name="preSetup" finished-at="2023-07-21T20:24:36 IST" duration-ms="146" status="PASS">
          <reporter-output>
          </reporter-output>
        </test-method> <!-- preSetup -->
        <test-method signature="post_Str()[pri:0, instance:api.testcases.storeTest@2ab4bc72]" started-at="2023-07-21T20:24:36 IST" name="post_Str" finished-at="2023-07-21T20:24:41 IST" duration-ms="5214" status="PASS">
          <reporter-output>
          </reporter-output>
        </test-method> <!-- post_Str -->
        <test-method signature="get_Str()[pri:1, instance:api.testcases.storeTest@2ab4bc72]" started-at="2023-07-21T20:24:41 IST" name="get_Str" finished-at="2023-07-21T20:24:43 IST" duration-ms="1256" status="PASS">
          <reporter-output>
          </reporter-output>
        </test-method> <!-- get_Str -->
        <test-method signature="delete_Str()[pri:2, instance:api.testcases.storeTest@2ab4bc72]" started-at="2023-07-21T20:24:43 IST" name="delete_Str" finished-at="2023-07-21T20:24:44 IST" duration-ms="1149" status="PASS">
          <reporter-output>
          </reporter-output>
        </test-method> <!-- delete_Str -->
      </class> <!-- api.testcases.storeTest -->
    </test> <!-- PetTest -->
  </suite> <!-- PetSuite -->
</testng-results>
