<?xml version="1.0" encoding="UTF-8"?>
<!-- Generated by org.testng.reporters.JUnitXMLReporter -->
<testsuite ignored="0" hostname="DESKTOP-EPI9SM6" failures="0" tests="3" name="PetTest" time="8.607" errors="0" timestamp="2023-07-21T20:34:15 IST">
  <testcase classname="api.testcases.storeTest" name="post_Str" time="5.376"/>
  <testcase classname="api.testcases.storeTest" name="get_Str" time="1.226"/>
  <testcase classname="api.testcases.storeTest" name="delete_Str" time="1.147"/>
</testsuite> <!-- PetTest -->
