<?xml version="1.0" encoding="UTF-8"?>
<!-- Generated by org.testng.reporters.JUnitXMLReporter -->
<testsuite ignored="0" hostname="DESKTOP-EPI9SM6" failures="0" tests="3" name="PetTest" time="8.49" errors="0" timestamp="2023-07-21T20:24:44 IST">
  <testcase classname="api.testcases.storeTest" name="post_Str" time="5.214"/>
  <testcase classname="api.testcases.storeTest" name="get_Str" time="1.256"/>
  <testcase classname="api.testcases.storeTest" name="delete_Str" time="1.149"/>
</testsuite> <!-- PetTest -->
